{
  "RSpec": {
    "coverage": {
      "/Users/darius/Development/code/tic-tac-toe-rb-q-000/lib/tic_tac_toe.rb": [
        1,
        null,
        null,
        null,
        null,
        null,
        null,
        null,
        null,
        null,
        null,
        1,
        21,
        21,
        21,
        21,
        21,
        null,
        null,
        1,
        22,
        null,
        null,
        1,
        25,
        null,
        null,
        1,
        null,
        23,
        null,
        null,
        1,
        20,
        20,
        20,
        19,
        19,
        19,
        null,
        1,
        null,
        null,
        null,
        1,
        21,
        null,
        null,
        null,
        null,
        null,
        null,
        null,
        null,
        null,
        null,
        1,
        20,
        null,
        null,
        1,
        70,
        null,
        473,
        473,
        473,
        null,
        473,
        473,
        473,
        null,
        null,
        473,
        22,
        null,
        null,
        null,
        48,
        48,
        3,
        null,
        null,
        null,
        null,
        1,
        32,
        141,
        null,
        null,
        null,
        1,
        27,
        null,
        null,
        1,
        21,
        null,
        null,
        1,
        14,
        null,
        14,
        null,
        null,
        6,
        null,
        null,
        null,
        1,
        12,
        17,
        null,
        12,
        12,
        12,
        12,
        5,
        7,
        7,
        null,
        null
      ]
    },
    "timestamp": 1462000215
  }
}
